<?xml version="1.0" encoding="UTF-8"?>
<testsuite name="quantitymeasurement.QuantityMeasurementTest" tests="1" skipped="0" failures="0" errors="0" timestamp="2020-05-22T04:35:38" hostname="HP" time="0.006">
  <properties/>
  <testcase name="givenSameReferance_WhenEqual_ReturnTrue" classname="quantitymeasurement.QuantityMeasurementTest" time="0.006"/>
  <system-out><![CDATA[]]></system-out>
  <system-err><![CDATA[]]></system-err>
</testsuite>
